<?xml version="1.0" encoding="UTF-8"?>
<!-- Generated by org.testng.reporters.JUnitXMLReporter -->
<testsuite ignored="0" hostname="DHANUSH_IG" failures="0" tests="4" name="Default test" time="26.256" errors="0" timestamp="2025-04-14T21:15:20 IST">
  <testcase classname="TestCase.DDTLoginTestCase" name="DDTlogin" time="4.86"/>
  <testcase classname="TestCase.DDTLoginTestCase" name="DDTlogin" time="0.211"/>
  <testcase classname="TestCase.DDTLoginTestCase" name="DDTlogin" time="0.658"/>
  <testcase classname="TestCase.DDTLoginTestCase" name="DDTlogin" time="10.2"/>
</testsuite> <!-- Default test -->
