<?xml version="1.0" encoding="UTF-8"?>
<!-- Generated by org.testng.reporters.JUnitXMLReporter -->
<testsuite ignored="0" hostname="DHANUSH_IG" failures="0" tests="4" name="Default test" time="26.05" errors="0" timestamp="2025-06-09T20:59:27 IST">
  <testcase classname="TestCase.DDTLoginTestCase" name="DDTlogin" time="3.426"/>
  <testcase classname="TestCase.DDTLoginTestCase" name="DDTlogin" time="0.196"/>
  <testcase classname="TestCase.DDTLoginTestCase" name="DDTlogin" time="0.811"/>
  <testcase classname="TestCase.DDTLoginTestCase" name="DDTlogin" time="9.436"/>
</testsuite> <!-- Default test -->
