<?xml version="1.0" encoding="UTF-8"?>
<testng-results ignored="0" total="1" passed="1" failed="0" skipped="0">
  <reporter-output>
  </reporter-output>
  <suite started-at="2025-04-11T21:27:15 IST" name="Default suite" finished-at="2025-04-11T21:27:28 IST" duration-ms="13498">
    <groups>
    </groups>
    <test started-at="2025-04-11T21:27:15 IST" name="Default test" finished-at="2025-04-11T21:27:28 IST" duration-ms="13498">
      <class name="TestCase.Functional_Test_Case">
        <test-method is-config="true" signature="SetUp()[pri:0, instance:TestCase.Functional_Test_Case@5af3afd9]" started-at="2025-04-11T21:27:15 IST" name="SetUp" finished-at="2025-04-11T21:27:18 IST" duration-ms="2914" status="PASS">
          <reporter-output>
          </reporter-output>
        </test-method> <!-- SetUp -->
        <test-method signature="TC_RUn()[pri:0, instance:TestCase.Functional_Test_Case@5af3afd9]" started-at="2025-04-11T21:27:18 IST" name="TC_RUn" finished-at="2025-04-11T21:27:28 IST" duration-ms="10547" status="PASS">
          <reporter-output>
          </reporter-output>
        </test-method> <!-- TC_RUn -->
      </class> <!-- TestCase.Functional_Test_Case -->
    </test> <!-- Default test -->
  </suite> <!-- Default suite -->
</testng-results>
