<?xml version="1.0" encoding="UTF-8"?>
<testng-results ignored="0" total="1" passed="1" failed="0" skipped="0">
  <reporter-output>
  </reporter-output>
  <suite started-at="2025-04-13T11:38:24 IST" name="Default suite" finished-at="2025-04-13T11:38:37 IST" duration-ms="12802">
    <groups>
    </groups>
    <test started-at="2025-04-13T11:38:24 IST" name="Default test" finished-at="2025-04-13T11:38:37 IST" duration-ms="12802">
      <class name="TestCase.Functional_Test_Case">
        <test-method is-config="true" signature="SetUp()[pri:0, instance:TestCase.Functional_Test_Case@323b36e0]" started-at="2025-04-13T11:38:24 IST" name="SetUp" finished-at="2025-04-13T11:38:27 IST" duration-ms="2418" status="PASS">
          <reporter-output>
          </reporter-output>
        </test-method> <!-- SetUp -->
        <test-method signature="TC_RUn()[pri:0, instance:TestCase.Functional_Test_Case@323b36e0]" started-at="2025-04-13T11:38:27 IST" name="TC_RUn" finished-at="2025-04-13T11:38:37 IST" duration-ms="10341" status="PASS">
          <reporter-output>
          </reporter-output>
        </test-method> <!-- TC_RUn -->
      </class> <!-- TestCase.Functional_Test_Case -->
    </test> <!-- Default test -->
  </suite> <!-- Default suite -->
</testng-results>
